<?xml version="1.0" encoding="UTF-8"?>
<testng-results skipped="0" failed="0" ignored="0" total="1" passed="1">
  <reporter-output>
  </reporter-output>
  <suite name="Default suite" duration-ms="2733" started-at="2020-03-05T11:46:04Z" finished-at="2020-03-05T11:46:07Z">
    <groups>
    </groups>
    <test name="Default test" duration-ms="2733" started-at="2020-03-05T11:46:04Z" finished-at="2020-03-05T11:46:07Z">
      <class name="restAssuredTests.POST_Request">
        <test-method status="PASS" signature="postData()[pri:0, instance:restAssuredTests.POST_Request@53b32d7]" name="postData" is-config="true" duration-ms="359" started-at="2020-03-05T11:46:04Z" finished-at="2020-03-05T11:46:04Z">
          <reporter-output>
          </reporter-output>
        </test-method> <!-- postData -->
        <test-method status="PASS" signature="testData()[pri:0, instance:restAssuredTests.POST_Request@53b32d7]" name="testData" duration-ms="2357" started-at="2020-03-05T11:46:04Z" finished-at="2020-03-05T11:46:07Z">
          <reporter-output>
          </reporter-output>
        </test-method> <!-- testData -->
      </class> <!-- restAssuredTests.POST_Request -->
    </test> <!-- Default test -->
  </suite> <!-- Default suite -->
</testng-results>
